[{"recipient":"arka422-facilitator@gmail.com","total":21.51,"currency":"USD","vendor_id":18,"payout_note":"Total commissions earned from WCMp as at 11:17:59 on 18-05-2016"}]
-------------------------------------
&L_EMAIL0=arka422-facilitator%40gmail.com&L_Amt0=21.51&L_UNIQUEID0=18&L_NOTE0=Total+commissions+earned+from+WCMp+as+at+11%3A17%3A59+on+18-05-2016&EMAILSUBJECT=You+have+money%21&RECEIVERTYPE=EmailAddress&CURRENCYCODE=USD
-------------------------------------
{"TIMESTAMP":"2016-05-18T11:18:02Z","CORRELATIONID":"56b7f5f6af987","ACK":"Success","VERSION":"65.1","BUILD":"000000"}
-------------------------------------
Cron Run Start for array creatation @ 18/05/2016 12:05:24 PM
-------------------------------------
[{"recipient":"arka422-facilitator@gmail.com","total":21.51,"currency":"USD","vendor_id":18,"payout_note":"Total commissions earned from WCMp as at 12:05:24 on 18-05-2016"}]
-------------------------------------
&L_EMAIL0=arka422-facilitator%40gmail.com&L_Amt0=21.51&L_UNIQUEID0=18&L_NOTE0=Total+commissions+earned+from+WCMp+as+at+12%3A05%3A24+on+18-05-2016&EMAILSUBJECT=You+have+money%21&RECEIVERTYPE=EmailAddress&CURRENCYCODE=USD
-------------------------------------
{"TIMESTAMP":"2016-05-18T12:05:27Z","CORRELATIONID":"227eb593ef9fb","ACK":"Success","VERSION":"65.1","BUILD":"000000"}
-------------------------------------
Cron Run Start for array creatation @ 19/05/2016 6:48:45 AM
-------------------------------------
Cron Run Start for array creatation @ 19/05/2016 7:07:01 AM
-------------------------------------
Cron Run Start for array creatation @ 19/05/2016 10:06:04 AM
-------------------------------------
Cron Run Start for array creatation @ 19/05/2016 11:40:04 AM
-------------------------------------
Cron Run Start for array creatation @ 20/05/2016 5:52:01 AM
-------------------------------------
Cron Run Start for array creatation @ 23/05/2016 5:32:25 AM
-------------------------------------
Cron Run Start for array creatation @ 23/05/2016 6:05:18 AM
-------------------------------------
Cron Run Start for array creatation @ 24/05/2016 4:55:47 AM
-------------------------------------
Cron Run Start for array creatation @ 24/05/2016 5:05:26 AM
-------------------------------------
Cron Run Start for array creatation @ 25/05/2016 6:57:15 AM
-------------------------------------
Cron Run Start for array creatation @ 25/05/2016 7:05:30 AM
-------------------------------------
Cron Run Start for array creatation @ 25/05/2016 8:44:02 AM
-------------------------------------
Cron Run Start for array creatation @ 25/05/2016 9:06:00 AM
-------------------------------------
Cron Run Start for array creatation @ 25/05/2016 10:05:34 AM
-------------------------------------
Cron Run Start for array creatation @ 25/05/2016 11:05:34 AM
-------------------------------------
Cron Run Start for array creatation @ 25/05/2016 12:05:28 PM
-------------------------------------
Cron Run Start for array creatation @ 25/05/2016 1:20:25 PM
-------------------------------------
Cron Run Start for array creatation @ 26/05/2016 5:46:18 AM
-------------------------------------
Cron Run Start for array creatation @ 26/05/2016 6:05:29 AM
-------------------------------------
Cron Run Start for array creatation @ 26/05/2016 7:05:20 AM
-------------------------------------
Cron Run Start for array creatation @ 26/05/2016 8:05:47 AM
-------------------------------------
Cron Run Start for array creatation @ 26/05/2016 9:06:15 AM
-------------------------------------
Cron Run Start for array creatation @ 26/05/2016 10:05:28 AM
-------------------------------------
Cron Run Start for array creatation @ 26/05/2016 11:05:18 AM
-------------------------------------
Cron Run Start for array creatation @ 26/05/2016 12:06:13 PM
-------------------------------------
Cron Run Start for array creatation @ 26/05/2016 1:06:13 PM
-------------------------------------
Cron Run Start for array creatation @ 26/05/2016 2:05:44 PM
-------------------------------------
Cron Run Start for array creatation @ 27/05/2016 5:29:46 AM
-------------------------------------
Cron Run Start for array creatation @ 27/05/2016 6:09:22 AM
-------------------------------------
Cron Run Start for array creatation @ 27/05/2016 7:05:16 AM
-------------------------------------
Cron Run Start for array creatation @ 27/05/2016 8:05:18 AM
-------------------------------------
Cron Run Start for array creatation @ 27/05/2016 9:46:21 AM
-------------------------------------
Cron Run Start for array creatation @ 27/05/2016 10:15:59 AM
-------------------------------------
Cron Run Start for array creatation @ 27/05/2016 11:07:01 AM
-------------------------------------
Cron Run Start for array creatation @ 27/05/2016 12:06:57 PM
-------------------------------------
Cron Run Start for array creatation @ 27/05/2016 1:52:57 PM
-------------------------------------
Cron Run Start for array creatation @ 28/05/2016 6:31:12 AM
-------------------------------------
Cron Run Start for array creatation @ 28/05/2016 7:06:39 AM
-------------------------------------
Cron Run Start for array creatation @ 28/05/2016 8:51:32 AM
-------------------------------------
Cron Run Start for array creatation @ 28/05/2016 10:20:16 AM
-------------------------------------
Cron Run Start for array creatation @ 30/05/2016 7:52:40 AM
-------------------------------------
Cron Run Start for array creatation @ 30/05/2016 8:05:18 AM
-------------------------------------
Cron Run Start for array creatation @ 30/05/2016 9:06:30 AM
-------------------------------------
Cron Run Start for array creatation @ 30/05/2016 11:53:03 AM
-------------------------------------
Cron Run Start for array creatation @ 30/05/2016 12:05:24 PM
-------------------------------------
Cron Run Start for array creatation @ 30/05/2016 2:04:52 PM
-------------------------------------
Cron Run Start for array creatation @ 31/05/2016 6:31:16 AM
-------------------------------------
Cron Run Start for array creatation @ 31/05/2016 7:05:53 AM
-------------------------------------
Cron Run Start for array creatation @ 31/05/2016 8:13:07 AM
-------------------------------------
Cron Run Start for array creatation @ 31/05/2016 9:05:22 AM
-------------------------------------
Cron Run Start for array creatation @ 31/05/2016 10:24:06 AM
-------------------------------------
Cron Run Start for array creatation @ 31/05/2016 11:06:21 AM
-------------------------------------
Cron Run Start for array creatation @ 31/05/2016 2:06:16 PM
-------------------------------------
Cron Run Start for array creatation @ 08/06/2016 11:40:04 AM
-------------------------------------
Cron Run Start for array creatation @ 08/06/2016 12:05:43 PM
-------------------------------------
Cron Run Start for array creatation @ 08/06/2016 1:05:29 PM
-------------------------------------
Cron Run Start for array creatation @ 08/06/2016 2:05:33 PM
-------------------------------------
Cron Run Start for array creatation @ 09/06/2016 5:41:54 AM
-------------------------------------
Cron Run Start for array creatation @ 09/06/2016 6:05:46 AM
-------------------------------------
Cron Run Start for array creatation @ 09/06/2016 7:06:49 AM
-------------------------------------
Cron Run Start for array creatation @ 09/06/2016 9:51:53 AM
-------------------------------------
Cron Run Start for array creatation @ 09/06/2016 10:05:15 AM
-------------------------------------
Cron Run Start for array creatation @ 09/06/2016 11:05:16 AM
-------------------------------------
Cron Run Start for array creatation @ 09/06/2016 12:05:16 PM
-------------------------------------
Cron Run Start for array creatation @ 09/06/2016 1:05:16 PM
-------------------------------------
Cron Run Start for array creatation @ 10/06/2016 6:33:19 AM
-------------------------------------
Cron Run Start for array creatation @ 10/06/2016 7:37:06 AM
-------------------------------------
Cron Run Start for array creatation @ 10/06/2016 8:07:00 AM
-------------------------------------
Cron Run Start for array creatation @ 10/06/2016 9:07:00 AM
-------------------------------------
Cron Run Start for array creatation @ 10/06/2016 10:06:13 AM
-------------------------------------
Cron Run Start for array creatation @ 10/06/2016 12:20:35 PM
-------------------------------------
Cron Run Start for array creatation @ 10/06/2016 1:07:04 PM
-------------------------------------
Cron Run Start for array creatation @ 11/06/2016 12:25:50 PM
-------------------------------------
Cron Run Start for array creatation @ 13/06/2016 6:52:25 AM
-------------------------------------
[{"recipient":"arka422-facilitator@gmail.com","total":21.51,"currency":"USD","vendor_id":18,"payout_note":"Total commissions earned from WCMp as at 06:52:25 on 13-06-2016"}]
-------------------------------------
&L_EMAIL0=arka422-facilitator%40gmail.com&L_Amt0=21.51&L_UNIQUEID0=18&L_NOTE0=Total+commissions+earned+from+WCMp+as+at+06%3A52%3A25+on+13-06-2016&EMAILSUBJECT=You+have+money%21&RECEIVERTYPE=EmailAddress&CURRENCYCODE=USD
-------------------------------------
{"TIMESTAMP":"2016-06-13T06:52:27Z","CORRELATIONID":"8c836df4a69c2","ACK":"Success","VERSION":"65.1","BUILD":"22881697"}
-------------------------------------
Cron Run Start for array creatation @ 13/06/2016 7:25:50 AM
-------------------------------------
Cron Run Start for array creatation @ 13/06/2016 8:25:50 AM
-------------------------------------
Cron Run Start for array creatation @ 13/06/2016 10:44:30 AM
-------------------------------------
Cron Run Start for array creatation @ 13/06/2016 11:26:40 AM
-------------------------------------
Cron Run Start for array creatation @ 13/06/2016 12:25:59 PM
-------------------------------------
Cron Run Start for array creatation @ 13/06/2016 1:26:15 PM
-------------------------------------
Cron Run Start for array creatation @ 13/06/2016 2:26:03 PM
-------------------------------------
Cron Run Start for array creatation @ 14/06/2016 3:20:49 AM
-------------------------------------
Cron Run Start for array creatation @ 14/06/2016 3:26:11 AM
-------------------------------------
